#
# There is insufficient memory for the Java Runtime Environment to continue.
# Native memory allocation (malloc) failed to allocate 1048576 bytes. Error detail: AllocateHeap
# Possible reasons:
#   The system is out of physical RAM or swap space
#   This process is running with CompressedOops enabled, and the Java Heap may be blocking the growth of the native heap
# Possible solutions:
#   Reduce memory load on the system
#   Increase physical memory or swap space
#   Check if swap backing store is full
#   Decrease Java heap size (-Xmx/-Xms)
#   Decrease number of Java threads
#   Decrease Java thread stack sizes (-Xss)
#   Set larger code cache with -XX:ReservedCodeCacheSize=
#   JVM is running with Unscaled Compressed Oops mode in which the Java heap is
#     placed in the first 4GB address space. The Java Heap base address is the
#     maximum limit for the native heap growth. Please use -XX:HeapBaseMinAddress
#     to set the Java Heap base and to place the Java Heap above 4GB virtual address.
# This output file may be truncated or incomplete.
#
#  Out of Memory Error (allocation.cpp:44), pid=14988, tid=7068
#
# JRE version: OpenJDK Runtime Environment Temurin-21.0.10+7 (21.0.10+7) (build 21.0.10+7-LTS)
# Java VM: OpenJDK 64-Bit Server VM Temurin-21.0.10+7 (21.0.10+7-LTS, mixed mode, sharing, tiered, compressed oops, compressed class ptrs, parallel gc, windows-amd64)
# No core dump will be written. Minidumps are not enabled by default on client versions of Windows
#

---------------  S U M M A R Y ------------

Command Line: --add-modules=ALL-SYSTEM --add-opens=java.base/java.util=ALL-UNNAMED --add-opens=java.base/java.lang=ALL-UNNAMED --add-opens=java.base/sun.nio.fs=ALL-UNNAMED -Declipse.application=org.eclipse.jdt.ls.core.id1 -Dosgi.bundles.defaultStartLevel=4 -Declipse.product=org.eclipse.jdt.ls.core.product -Djava.import.generatesMetadataFilesAtProjectRoot=false -DDetectVMInstallationsJob.disabled=true -Dfile.encoding=utf8 -XX:+UseParallelGC -XX:GCTimeRatio=4 -XX:AdaptiveSizePolicyWeight=90 -Dsun.zip.disableMemoryMapping=true -Xmx2G -Xms100m -Xlog:disable -javaagent:c:\Users\dazav\.vscode\extensions\redhat.java-1.54.0-win32-x64\lombok\lombok-1.18.39-4050.jar -XX:+HeapDumpOnOutOfMemoryError -XX:HeapDumpPath=c:\Users\dazav\AppData\Roaming\Code\User\workspaceStorage\b57b032afb11b214027f798fbaeb1f76\redhat.java -Daether.dependencyCollector.impl=bf c:\Users\dazav\.vscode\extensions\redhat.java-1.54.0-win32-x64\server\plugins\org.eclipse.equinox.launcher_1.7.100.v20251111-0406.jar -configuration c:\Users\dazav\AppData\Roaming\Code\User\globalStorage\redhat.java\1.54.0\config_win -data c:\Users\dazav\AppData\Roaming\Code\User\workspaceStorage\b57b032afb11b214027f798fbaeb1f76\redhat.java\jdt_ws --pipe=\\.\pipe\lsp-34e30a13af83e28a88ef8eb11546cb3c-sock

Host: AMD Athlon Silver 3050U with Radeon Graphics   , 2 cores, 3G,  Windows 11 , 64 bit Build 26100 (10.0.26100.8521)
Time: Fri Jun 12 16:04:06 2026 Hora est. Pac璗ico, Sudam廨ica elapsed time: 5367.935897 seconds (0d 1h 29m 27s)

---------------  T H R E A D  ---------------

Current thread (0x0000024942da1510):  JavaThread "Attach Listener" daemon [_thread_in_vm, id=7068, stack(0x000000ee2ef00000,0x000000ee2f000000) (1024K)]

Stack: [0x000000ee2ef00000,0x000000ee2f000000]
Native frames: (J=compiled Java code, j=interpreted, Vv=VM code, C=native code)
V  [jvm.dll+0x6d7a39]
V  [jvm.dll+0x8b4b26]
V  [jvm.dll+0x8b70de]
V  [jvm.dll+0x8b77c3]
V  [jvm.dll+0x284346]
V  [jvm.dll+0xc1277]
V  [jvm.dll+0x6d82e9]
V  [jvm.dll+0x1334a6]
V  [jvm.dll+0x3f857e]
V  [jvm.dll+0x85f59d]
V  [jvm.dll+0x6d626d]
C  [ucrtbase.dll+0x2cd30]
C  [KERNEL32.DLL+0x2e957]
C  [ntdll.dll+0x87c1c]


---------------  P R O C E S S  ---------------

Threads class SMR info:
_java_thread_list=0x000002499ff5b470, length=35, elements={
0x0000024942eecc30, 0x0000024942d995b0, 0x0000024942d9c200, 0x0000024942d9e9a0,
0x0000024942da1510, 0x0000024942da2d30, 0x0000024942da3f30, 0x0000024942da82c0,
0x0000024942e20f00, 0x000002499f0dd0a0, 0x000002499f2f5a90, 0x000002499f1eec20,
0x000002499f6c3b70, 0x000002499f6c41e0, 0x000002499fe2c060, 0x00000249a0497010,
0x000002499f7f0c80, 0x000002499f7f05f0, 0x000002499f7f26c0, 0x000002499f7eff60,
0x00000249a0ed83e0, 0x00000249a0ed8a70, 0x00000249a0ed69a0, 0x00000249a0ed9100,
0x00000249a0edab40, 0x00000249a0ed7d50, 0x000002499f776ed0, 0x000002499f778280,
0x000002499f779630, 0x000002499f777560, 0x000002499f778910, 0x000002499f77bd90,
0x00000249a1b50120, 0x00000249a1b514d0, 0x00000249a1b51b60
}

Java Threads: ( => current thread )
  0x0000024942eecc30 JavaThread "main"                              [_thread_blocked, id=11588, stack(0x000000ee2e700000,0x000000ee2e800000) (1024K)]
  0x0000024942d995b0 JavaThread "Reference Handler"          daemon [_thread_blocked, id=15552, stack(0x000000ee2ec00000,0x000000ee2ed00000) (1024K)]
  0x0000024942d9c200 JavaThread "Finalizer"                  daemon [_thread_blocked, id=13896, stack(0x000000ee2ed00000,0x000000ee2ee00000) (1024K)]
  0x0000024942d9e9a0 JavaThread "Signal Dispatcher"          daemon [_thread_blocked, id=17388, stack(0x000000ee2ee00000,0x000000ee2ef00000) (1024K)]
=>0x0000024942da1510 JavaThread "Attach Listener"            daemon [_thread_in_vm, id=7068, stack(0x000000ee2ef00000,0x000000ee2f000000) (1024K)]
  0x0000024942da2d30 JavaThread "Service Thread"             daemon [_thread_blocked, id=13140, stack(0x000000ee2f000000,0x000000ee2f100000) (1024K)]
  0x0000024942da3f30 JavaThread "Monitor Deflation Thread"   daemon [_thread_blocked, id=12848, stack(0x000000ee2f100000,0x000000ee2f200000) (1024K)]
  0x0000024942da82c0 JavaThread "C2 CompilerThread0"         daemon [_thread_blocked, id=6892, stack(0x000000ee2f200000,0x000000ee2f300000) (1024K)]
  0x0000024942e20f00 JavaThread "C1 CompilerThread0"         daemon [_thread_blocked, id=16060, stack(0x000000ee2f300000,0x000000ee2f400000) (1024K)]
  0x000002499f0dd0a0 JavaThread "Common-Cleaner"             daemon [_thread_blocked, id=17384, stack(0x000000ee2f400000,0x000000ee2f500000) (1024K)]
  0x000002499f2f5a90 JavaThread "Notification Thread"        daemon [_thread_blocked, id=5640, stack(0x000000ee2f500000,0x000000ee2f600000) (1024K)]
  0x000002499f1eec20 JavaThread "Active Thread: Equinox Container: 42496932-3c12-43cf-8b9d-49490c86c9a0"        [_thread_blocked, id=17112, stack(0x000000ee2f900000,0x000000ee2fa00000) (1024K)]
  0x000002499f6c3b70 JavaThread "Framework Event Dispatcher: Equinox Container: 42496932-3c12-43cf-8b9d-49490c86c9a0" daemon [_thread_blocked, id=15500, stack(0x000000ee2fa00000,0x000000ee2fb00000) (1024K)]
  0x000002499f6c41e0 JavaThread "Start Level: Equinox Container: 42496932-3c12-43cf-8b9d-49490c86c9a0" daemon [_thread_blocked, id=5136, stack(0x000000ee2fb00000,0x000000ee2fc00000) (1024K)]
  0x000002499fe2c060 JavaThread "Bundle File Closer"         daemon [_thread_blocked, id=15300, stack(0x000000ee2fc00000,0x000000ee2fd00000) (1024K)]
  0x00000249a0497010 JavaThread "Refresh Thread: Equinox Container: 42496932-3c12-43cf-8b9d-49490c86c9a0" daemon [_thread_blocked, id=13760, stack(0x000000ee2fd00000,0x000000ee2fe00000) (1024K)]
  0x000002499f7f0c80 JavaThread "SCR Component Actor"        daemon [_thread_blocked, id=7008, stack(0x000000ee2f700000,0x000000ee2f800000) (1024K)]
  0x000002499f7f05f0 JavaThread "Worker-JM"                         [_thread_blocked, id=16616, stack(0x000000ee2f800000,0x000000ee2f900000) (1024K)]
  0x000002499f7f26c0 JavaThread "Java indexing"              daemon [_thread_blocked, id=13616, stack(0x000000ee30200000,0x000000ee30300000) (1024K)]
  0x000002499f7eff60 JavaThread "JNA Cleaner"                daemon [_thread_blocked, id=9812, stack(0x000000ee30300000,0x000000ee30400000) (1024K)]
  0x00000249a0ed83e0 JavaThread "Thread-1"                   daemon [_thread_in_native, id=11396, stack(0x000000ee30800000,0x000000ee30900000) (1024K)]
  0x00000249a0ed8a70 JavaThread "Thread-2"                   daemon [_thread_in_native, id=8700, stack(0x000000ee30900000,0x000000ee30a00000) (1024K)]
  0x00000249a0ed69a0 JavaThread "Thread-3"                   daemon [_thread_in_native, id=16128, stack(0x000000ee30a00000,0x000000ee30b00000) (1024K)]
  0x00000249a0ed9100 JavaThread "pool-2-thread-1"                   [_thread_blocked, id=5596, stack(0x000000ee30b00000,0x000000ee30c00000) (1024K)]
  0x00000249a0edab40 JavaThread "WorkspaceEventsHandler"            [_thread_blocked, id=7592, stack(0x000000ee30c00000,0x000000ee30d00000) (1024K)]
  0x00000249a0ed7d50 JavaThread "pool-1-thread-1"                   [_thread_blocked, id=10080, stack(0x000000ee30d00000,0x000000ee30e00000) (1024K)]
  0x000002499f776ed0 JavaThread "Cleaner-0"                  daemon [_thread_blocked, id=9884, stack(0x000000ee31300000,0x000000ee31400000) (1024K)]
  0x000002499f778280 JavaThread "Java Debug Server"                 [_thread_in_native, id=9048, stack(0x000000ee31400000,0x000000ee31500000) (1024K)]
  0x000002499f779630 JavaThread "RxSchedulerPurge-1"         daemon [_thread_blocked, id=6548, stack(0x000000ee31500000,0x000000ee31600000) (1024K)]
  0x000002499f777560 JavaThread "RxCachedWorkerPoolEvictor-1" daemon [_thread_blocked, id=4420, stack(0x000000ee31600000,0x000000ee31700000) (1024K)]
  0x000002499f778910 JavaThread "pool-3-thread-6"                   [_thread_in_native, id=16448, stack(0x000000ee2fe00000,0x000000ee2ff00000) (1024K)]
  0x000002499f77bd90 JavaThread "process reaper (pid 8568)"  daemon [_thread_in_native, id=13348, stack(0x000000ee2e380000,0x000000ee2e3a0000) (128K)]
  0x00000249a1b50120 JavaThread "Worker-21"                         [_thread_blocked, id=13500, stack(0x000000ee31800000,0x000000ee31900000) (1024K)]
  0x00000249a1b514d0 JavaThread "Worker-24"                         [_thread_blocked, id=6912, stack(0x000000ee30100000,0x000000ee30200000) (1024K)]
  0x00000249a1b51b60 JavaThread "RxNewThreadScheduler-21"    daemon [_thread_blocked, id=12792, stack(0x000000ee2e600000,0x000000ee2e700000) (1024K)]
Total: 35

Other Threads:
  0x0000024942fad970 VMThread "VM Thread"                           [id=8624, stack(0x000000ee2eb00000,0x000000ee2ec00000) (1024K)]
  0x0000024942d7ca10 WatcherThread "VM Periodic Task Thread"        [id=14052, stack(0x000000ee2ea00000,0x000000ee2eb00000) (1024K)]
  0x0000024942f0d200 WorkerThread "GC Thread#0"                     [id=12940, stack(0x000000ee2e900000,0x000000ee2ea00000) (1024K)]
  0x000002499f3bf9d0 WorkerThread "GC Thread#1"                     [id=17104, stack(0x000000ee2f600000,0x000000ee2f700000) (1024K)]
Total: 4

Threads with active compile tasks:
Total: 0

VM state: not at safepoint (normal execution)

VM Mutex/Monitor currently owned by a thread: None

Heap address: 0x0000000080000000, size: 2048 MB, Compressed Oops mode: 32-bit

CDS archive(s) mapped at: [0x000002495a000000-0x000002495aba0000-0x000002495aba0000), size 12189696, SharedBaseAddress: 0x000002495a000000, ArchiveRelocationMode: 1.
Compressed class space mapped at: 0x000002495b000000-0x000002499b000000, reserved size: 1073741824
Narrow klass base: 0x000002495a000000, Narrow klass shift: 0, Narrow klass range: 0x100000000

GC Precious Log:
 CardTable entry size: 512
 CPUs: 2 total, 2 available
 Memory: 3459M
 Large Page Support: Disabled
 NUMA Support: Disabled
 Compressed Oops: Enabled (32-bit)
 Alignments: Space 512K, Generation 512K, Heap 2M
 Heap Min Capacity: 100M
 Heap Initial Capacity: 100M
 Heap Max Capacity: 2G
 Pre-touch: Disabled
 Parallel Workers: 2

Heap:
 PSYoungGen      total 12288K, used 4263K [0x00000000d5580000, 0x00000000d6380000, 0x0000000100000000)
  eden space 11776K, 35% used [0x00000000d5580000,0x00000000d5989ce0,0x00000000d6100000)
  from space 512K, 25% used [0x00000000d6300000,0x00000000d6320020,0x00000000d6380000)
  to   space 512K, 0% used [0x00000000d6280000,0x00000000d6280000,0x00000000d6300000)
 ParOldGen       total 759808K, used 517082K [0x0000000080000000, 0x00000000ae600000, 0x00000000d5580000)
  object space 759808K, 68% used [0x0000000080000000,0x000000009f8f6878,0x00000000ae600000)
 Metaspace       used 93778K, committed 95424K, reserved 1179648K
  class space    used 9546K, committed 10304K, reserved 1048576K

Card table byte_map: [0x0000024942890000,0x0000024942ca0000] _byte_map_base: 0x0000024942490000

Marking Bits: (ParMarkBitMap*) 0x00007ff9e02c3450
 Begin Bits: [0x00000249553a0000, 0x00000249573a0000)
 End Bits:   [0x00000249573a0000, 0x00000249593a0000)

Polling page: 0x0000024940e60000

Metaspace:

Usage:
  Non-class:     82.26 MB used.
      Class:      9.32 MB used.
       Both:     91.58 MB used.

Virtual space:
  Non-class space:      128.00 MB reserved,      83.12 MB ( 65%) committed,  2 nodes.
      Class space:        1.00 GB reserved,      10.06 MB ( <1%) committed,  1 nodes.
             Both:        1.12 GB reserved,      93.19 MB (  8%) committed. 

Chunk freelists:
   Non-Class:  11.97 MB
       Class:  5.78 MB
        Both:  17.75 MB

MaxMetaspaceSize: unlimited
CompressedClassSpaceSize: 1.00 GB
Initial GC threshold: 21.00 MB
Current GC threshold: 150.94 MB
CDS: on
 - commit_granule_bytes: 65536.
 - commit_granule_words: 8192.
 - virtual_space_node_default_size: 8388608.
 - enlarge_chunks_in_place: 1.
 - use_allocation_guard: 0.


Internal statistics:

num_allocs_failed_limit: 9.
num_arena_births: 1656.
num_arena_deaths: 390.
num_vsnodes_births: 3.
num_vsnodes_deaths: 0.
num_space_committed: 1491.
num_space_uncommitted: 0.
num_chunks_returned_to_freelist: 443.
num_chunks_taken_from_freelist: 6292.
num_chunk_merges: 118.
num_chunk_splits: 3720.
num_chunks_enlarged: 2165.
num_inconsistent_stats: 0.

CodeHeap 'non-profiled nmethods': size=120064Kb used=22574Kb max_used=22574Kb free=97489Kb
 bounds [0x000002494dbb0000, 0x000002494f1c0000, 0x00000249550f0000]
CodeHeap 'profiled nmethods': size=120000Kb used=48864Kb max_used=50582Kb free=71135Kb
 bounds [0x00000249460f0000, 0x0000024949260000, 0x000002494d620000]
CodeHeap 'non-nmethods': size=5696Kb used=1538Kb max_used=1615Kb free=4157Kb
 bounds [0x000002494d620000, 0x000002494d890000, 0x000002494dbb0000]
CodeCache: size=245760Kb, used=72976Kb, max_used=74771Kb, free=172781Kb
 total_blobs=20322, nmethods=19458, adapters=765, full_count=0
Compilation: enabled, stopped_count=0, restarted_count=0

Compilation events (20 events):
Event: 4515.888 Thread 0x0000024942da82c0 nmethod 24084 0x000002494f1b4590 code [0x000002494f1b4720, 0x000002494f1b4800]
Event: 4515.891 Thread 0x0000024942e20f00 nmethod 24079 0x000002494727cc90 code [0x000002494727cec0, 0x000002494727d788]
Event: 4515.891 Thread 0x0000024942e20f00 24083       3       org.eclipse.jdt.internal.codeassist.select.SelectionParser::consumeToken (474 bytes)
Event: 4515.926 Thread 0x0000024942e20f00 nmethod 24083 0x0000024947279390 code [0x0000024947279860, 0x000002494727c420]
Event: 4515.926 Thread 0x0000024942e20f00 24080       3       org.eclipse.jdt.internal.codeassist.impl.AssistParser::consumeMethodInvocationName (43 bytes)
Event: 4515.927 Thread 0x0000024942e20f00 nmethod 24080 0x0000024947c25d10 code [0x0000024947c25ee0, 0x0000024947c26258]
Event: 4515.927 Thread 0x0000024942e20f00 24081       3       org.eclipse.jdt.internal.codeassist.select.SelectionParser::consumeMethodInvocationName (318 bytes)
Event: 4515.934 Thread 0x0000024942e20f00 nmethod 24081 0x0000024947277490 code [0x00000249472777a0, 0x0000024947278d10]
Event: 4515.934 Thread 0x0000024942e20f00 24085       3       org.eclipse.jdt.internal.codeassist.select.SelectionParser::checkRestartRecovery (19 bytes)
Event: 4515.934 Thread 0x0000024942e20f00 nmethod 24085 0x000002494744a590 code [0x000002494744a720, 0x000002494744a870]
Event: 4606.391 Thread 0x0000024942da82c0 24086   !   4       java.util.concurrent.ScheduledThreadPoolExecutor$DelayedWorkQueue::take (203 bytes)
Event: 4606.608 Thread 0x0000024942da82c0 nmethod 24086 0x000002494f1b4910 code [0x000002494f1b4ce0, 0x000002494f1b6550]
Event: 4607.395 Thread 0x0000024942da82c0 24087   !   4       java.util.concurrent.ScheduledThreadPoolExecutor$DelayedWorkQueue::offer (123 bytes)
Event: 4607.406 Thread 0x0000024942da82c0 nmethod 24087 0x000002494f1b7c10 code [0x000002494f1b7e40, 0x000002494f1b8438]
Event: 4608.390 Thread 0x0000024942da82c0 24088       4       java.util.concurrent.ScheduledThreadPoolExecutor$DelayedWorkQueue::add (9 bytes)
Event: 4608.399 Thread 0x0000024942da82c0 nmethod 24088 0x000002494f1b8a90 code [0x000002494f1b8cc0, 0x000002494f1b92c0]
Event: 4608.399 Thread 0x0000024942da82c0 24089       4       java.util.concurrent.ThreadPoolExecutor::ensurePrestart (41 bytes)
Event: 4608.417 Thread 0x0000024942da82c0 nmethod 24089 0x000002494f1b9910 code [0x000002494f1b9aa0, 0x000002494f1b9ba8]
Event: 4612.381 Thread 0x0000024942da82c0 24090       4       java.util.concurrent.ScheduledThreadPoolExecutor$ScheduledFutureTask::run (57 bytes)
Event: 4612.448 Thread 0x0000024942da82c0 nmethod 24090 0x000002494f1b9c90 code [0x000002494f1b9fa0, 0x000002494f1bad28]

GC Heap History (20 events):
Event: 4141.075 GC heap before
{Heap before GC invocations=1838 (full 5):
 PSYoungGen      total 13312K, used 12967K [0x00000000d5580000, 0x00000000d6400000, 0x0000000100000000)
  eden space 12288K, 100% used [0x00000000d5580000,0x00000000d6180000,0x00000000d6180000)
  from space 1024K, 66% used [0x00000000d6300000,0x00000000d63a9f40,0x00000000d6400000)
  to   space 1024K, 0% used [0x00000000d6200000,0x00000000d6200000,0x00000000d6300000)
 ParOldGen       total 759808K, used 510504K [0x0000000080000000, 0x00000000ae600000, 0x00000000d5580000)
  object space 759808K, 67% used [0x0000000080000000,0x000000009f28a2c8,0x00000000ae600000)
 Metaspace       used 93676K, committed 95296K, reserved 1179648K
  class space    used 9540K, committed 10304K, reserved 1048576K
}
Event: 4141.079 GC heap after
{Heap after GC invocations=1838 (full 5):
 PSYoungGen      total 13312K, used 64K [0x00000000d5580000, 0x00000000d6380000, 0x0000000100000000)
  eden space 12288K, 0% used [0x00000000d5580000,0x00000000d5580000,0x00000000d6180000)
  from space 1024K, 6% used [0x00000000d6200000,0x00000000d6210000,0x00000000d6300000)
  to   space 512K, 0% used [0x00000000d6300000,0x00000000d6300000,0x00000000d6380000)
 ParOldGen       total 759808K, used 510528K [0x0000000080000000, 0x00000000ae600000, 0x00000000d5580000)
  object space 759808K, 67% used [0x0000000080000000,0x000000009f2902c8,0x00000000ae600000)
 Metaspace       used 93676K, committed 95296K, reserved 1179648K
  class space    used 9540K, committed 10304K, reserved 1048576K
}
Event: 4204.556 GC heap before
{Heap before GC invocations=1839 (full 5):
 PSYoungGen      total 13312K, used 12352K [0x00000000d5580000, 0x00000000d6380000, 0x0000000100000000)
  eden space 12288K, 100% used [0x00000000d5580000,0x00000000d6180000,0x00000000d6180000)
  from space 1024K, 6% used [0x00000000d6200000,0x00000000d6210000,0x00000000d6300000)
  to   space 512K, 0% used [0x00000000d6300000,0x00000000d6300000,0x00000000d6380000)
 ParOldGen       total 759808K, used 510528K [0x0000000080000000, 0x00000000ae600000, 0x00000000d5580000)
  object space 759808K, 67% used [0x0000000080000000,0x000000009f2902c8,0x00000000ae600000)
 Metaspace       used 93693K, committed 95360K, reserved 1179648K
  class space    used 9541K, committed 10304K, reserved 1048576K
}
Event: 4204.570 GC heap after
{Heap after GC invocations=1839 (full 5):
 PSYoungGen      total 12288K, used 496K [0x00000000d5580000, 0x00000000d6580000, 0x0000000100000000)
  eden space 11776K, 0% used [0x00000000d5580000,0x00000000d5580000,0x00000000d6100000)
  from space 512K, 96% used [0x00000000d6300000,0x00000000d637c030,0x00000000d6380000)
  to   space 2048K, 0% used [0x00000000d6100000,0x00000000d6100000,0x00000000d6300000)
 ParOldGen       total 759808K, used 511545K [0x0000000080000000, 0x00000000ae600000, 0x00000000d5580000)
  object space 759808K, 67% used [0x0000000080000000,0x000000009f38e6a0,0x00000000ae600000)
 Metaspace       used 93693K, committed 95360K, reserved 1179648K
  class space    used 9541K, committed 10304K, reserved 1048576K
}
Event: 4204.943 GC heap before
{Heap before GC invocations=1840 (full 5):
 PSYoungGen      total 12288K, used 12272K [0x00000000d5580000, 0x00000000d6580000, 0x0000000100000000)
  eden space 11776K, 100% used [0x00000000d5580000,0x00000000d6100000,0x00000000d6100000)
  from space 512K, 96% used [0x00000000d6300000,0x00000000d637c030,0x00000000d6380000)
  to   space 2048K, 0% used [0x00000000d6100000,0x00000000d6100000,0x00000000d6300000)
 ParOldGen       total 759808K, used 511545K [0x0000000080000000, 0x00000000ae600000, 0x00000000d5580000)
  object space 759808K, 67% used [0x0000000080000000,0x000000009f38e6a0,0x00000000ae600000)
 Metaspace       used 93695K, committed 95360K, reserved 1179648K
  class space    used 9541K, committed 10304K, reserved 1048576K
}
Event: 4204.960 GC heap after
{Heap after GC invocations=1840 (full 5):
 PSYoungGen      total 13824K, used 2032K [0x00000000d5580000, 0x00000000d6800000, 0x0000000100000000)
  eden space 11776K, 0% used [0x00000000d5580000,0x00000000d5580000,0x00000000d6100000)
  from space 2048K, 99% used [0x00000000d6100000,0x00000000d62fc030,0x00000000d6300000)
  to   space 3584K, 0% used [0x00000000d6480000,0x00000000d6480000,0x00000000d6800000)
 ParOldGen       total 759808K, used 512682K [0x0000000080000000, 0x00000000ae600000, 0x00000000d5580000)
  object space 759808K, 67% used [0x0000000080000000,0x000000009f4aaab0,0x00000000ae600000)
 Metaspace       used 93695K, committed 95360K, reserved 1179648K
  class space    used 9541K, committed 10304K, reserved 1048576K
}
Event: 4206.854 GC heap before
{Heap before GC invocations=1841 (full 5):
 PSYoungGen      total 13824K, used 13808K [0x00000000d5580000, 0x00000000d6800000, 0x0000000100000000)
  eden space 11776K, 100% used [0x00000000d5580000,0x00000000d6100000,0x00000000d6100000)
  from space 2048K, 99% used [0x00000000d6100000,0x00000000d62fc030,0x00000000d6300000)
  to   space 3584K, 0% used [0x00000000d6480000,0x00000000d6480000,0x00000000d6800000)
 ParOldGen       total 759808K, used 512682K [0x0000000080000000, 0x00000000ae600000, 0x00000000d5580000)
  object space 759808K, 67% used [0x0000000080000000,0x000000009f4aaab0,0x00000000ae600000)
 Metaspace       used 93695K, committed 95360K, reserved 1179648K
  class space    used 9541K, committed 10304K, reserved 1048576K
}
Event: 4206.907 GC heap after
{Heap after GC invocations=1841 (full 5):
 PSYoungGen      total 13312K, used 1152K [0x00000000d5580000, 0x00000000d6600000, 0x0000000100000000)
  eden space 11776K, 0% used [0x00000000d5580000,0x00000000d5580000,0x00000000d6100000)
  from space 1536K, 75% used [0x00000000d6480000,0x00000000d65a0020,0x00000000d6600000)
  to   space 2048K, 0% used [0x00000000d6200000,0x00000000d6200000,0x00000000d6400000)
 ParOldGen       total 759808K, used 514699K [0x0000000080000000, 0x00000000ae600000, 0x00000000d5580000)
  object space 759808K, 67% used [0x0000000080000000,0x000000009f6a2e40,0x00000000ae600000)
 Metaspace       used 93695K, committed 95360K, reserved 1179648K
  class space    used 9541K, committed 10304K, reserved 1048576K
}
Event: 4209.368 GC heap before
{Heap before GC invocations=1842 (full 5):
 PSYoungGen      total 13312K, used 12928K [0x00000000d5580000, 0x00000000d6600000, 0x0000000100000000)
  eden space 11776K, 100% used [0x00000000d5580000,0x00000000d6100000,0x00000000d6100000)
  from space 1536K, 75% used [0x00000000d6480000,0x00000000d65a0020,0x00000000d6600000)
  to   space 2048K, 0% used [0x00000000d6200000,0x00000000d6200000,0x00000000d6400000)
 ParOldGen       total 759808K, used 514699K [0x0000000080000000, 0x00000000ae600000, 0x00000000d5580000)
  object space 759808K, 67% used [0x0000000080000000,0x000000009f6a2e40,0x00000000ae600000)
 Metaspace       used 93695K, committed 95360K, reserved 1179648K
  class space    used 9541K, committed 10304K, reserved 1048576K
}
Event: 4209.375 GC heap after
{Heap after GC invocations=1842 (full 5):
 PSYoungGen      total 13824K, used 1840K [0x00000000d5580000, 0x00000000d6500000, 0x0000000100000000)
  eden space 11776K, 0% used [0x00000000d5580000,0x00000000d5580000,0x00000000d6100000)
  from space 2048K, 89% used [0x00000000d6200000,0x00000000d63cc050,0x00000000d6400000)
  to   space 1024K, 0% used [0x00000000d6400000,0x00000000d6400000,0x00000000d6500000)
 ParOldGen       total 759808K, used 514720K [0x0000000080000000, 0x00000000ae600000, 0x00000000d5580000)
  object space 759808K, 67% used [0x0000000080000000,0x000000009f6a81d8,0x00000000ae600000)
 Metaspace       used 93695K, committed 95360K, reserved 1179648K
  class space    used 9541K, committed 10304K, reserved 1048576K
}
Event: 4209.952 GC heap before
{Heap before GC invocations=1843 (full 5):
 PSYoungGen      total 13824K, used 13616K [0x00000000d5580000, 0x00000000d6500000, 0x0000000100000000)
  eden space 11776K, 99% used [0x00000000d5580000,0x00000000d60fffe8,0x00000000d6100000)
  from space 2048K, 89% used [0x00000000d6200000,0x00000000d63cc050,0x00000000d6400000)
  to   space 1024K, 0% used [0x00000000d6400000,0x00000000d6400000,0x00000000d6500000)
 ParOldGen       total 759808K, used 514720K [0x0000000080000000, 0x00000000ae600000, 0x00000000d5580000)
  object space 759808K, 67% used [0x0000000080000000,0x000000009f6a81d8,0x00000000ae600000)
 Metaspace       used 93703K, committed 95360K, reserved 1179648K
  class space    used 9541K, committed 10304K, reserved 1048576K
}
Event: 4209.965 GC heap after
{Heap after GC invocations=1843 (full 5):
 PSYoungGen      total 12800K, used 1023K [0x00000000d5580000, 0x00000000d6600000, 0x0000000100000000)
  eden space 11776K, 0% used [0x00000000d5580000,0x00000000d5580000,0x00000000d6100000)
  from space 1024K, 99% used [0x00000000d6400000,0x00000000d64ffe50,0x00000000d6500000)
  to   space 2560K, 0% used [0x00000000d6100000,0x00000000d6100000,0x00000000d6380000)
 ParOldGen       total 759808K, used 515977K [0x0000000080000000, 0x00000000ae600000, 0x00000000d5580000)
  object space 759808K, 67% used [0x0000000080000000,0x000000009f7e2598,0x00000000ae600000)
 Metaspace       used 93703K, committed 95360K, reserved 1179648K
  class space    used 9541K, committed 10304K, reserved 1048576K
}
Event: 4213.702 GC heap before
{Heap before GC invocations=1844 (full 5):
 PSYoungGen      total 12800K, used 12799K [0x00000000d5580000, 0x00000000d6600000, 0x0000000100000000)
  eden space 11776K, 100% used [0x00000000d5580000,0x00000000d6100000,0x00000000d6100000)
  from space 1024K, 99% used [0x00000000d6400000,0x00000000d64ffe50,0x00000000d6500000)
  to   space 2560K, 0% used [0x00000000d6100000,0x00000000d6100000,0x00000000d6380000)
 ParOldGen       total 759808K, used 515977K [0x0000000080000000, 0x00000000ae600000, 0x00000000d5580000)
  object space 759808K, 67% used [0x0000000080000000,0x000000009f7e2598,0x00000000ae600000)
 Metaspace       used 93750K, committed 95360K, reserved 1179648K
  class space    used 9546K, committed 10304K, reserved 1048576K
}
Event: 4213.711 GC heap after
{Heap after GC invocations=1844 (full 5):
 PSYoungGen      total 12800K, used 544K [0x00000000d5580000, 0x00000000d6480000, 0x0000000100000000)
  eden space 11776K, 0% used [0x00000000d5580000,0x00000000d5580000,0x00000000d6100000)
  from space 1024K, 53% used [0x00000000d6100000,0x00000000d6188020,0x00000000d6200000)
  to   space 1536K, 0% used [0x00000000d6300000,0x00000000d6300000,0x00000000d6480000)
 ParOldGen       total 759808K, used 516574K [0x0000000080000000, 0x00000000ae600000, 0x00000000d5580000)
  object space 759808K, 67% used [0x0000000080000000,0x000000009f877858,0x00000000ae600000)
 Metaspace       used 93750K, committed 95360K, reserved 1179648K
  class space    used 9546K, committed 10304K, reserved 1048576K
}
Event: 4214.199 GC heap before
{Heap before GC invocations=1845 (full 5):
 PSYoungGen      total 12800K, used 12320K [0x00000000d5580000, 0x00000000d6480000, 0x0000000100000000)
  eden space 11776K, 100% used [0x00000000d5580000,0x00000000d6100000,0x00000000d6100000)
  from space 1024K, 53% used [0x00000000d6100000,0x00000000d6188020,0x00000000d6200000)
  to   space 1536K, 0% used [0x00000000d6300000,0x00000000d6300000,0x00000000d6480000)
 ParOldGen       total 759808K, used 516574K [0x0000000080000000, 0x00000000ae600000, 0x00000000d5580000)
  object space 759808K, 67% used [0x0000000080000000,0x000000009f877858,0x00000000ae600000)
 Metaspace       used 93755K, committed 95360K, reserved 1179648K
  class space    used 9546K, committed 10304K, reserved 1048576K
}
Event: 4214.205 GC heap after
{Heap after GC invocations=1845 (full 5):
 PSYoungGen      total 12288K, used 160K [0x00000000d5580000, 0x00000000d6380000, 0x0000000100000000)
  eden space 11776K, 0% used [0x00000000d5580000,0x00000000d5580000,0x00000000d6100000)
  from space 512K, 31% used [0x00000000d6300000,0x00000000d6328020,0x00000000d6380000)
  to   space 512K, 0% used [0x00000000d6280000,0x00000000d6280000,0x00000000d6300000)
 ParOldGen       total 759808K, used 517042K [0x0000000080000000, 0x00000000ae600000, 0x00000000d5580000)
  object space 759808K, 68% used [0x0000000080000000,0x000000009f8ec878,0x00000000ae600000)
 Metaspace       used 93755K, committed 95360K, reserved 1179648K
  class space    used 9546K, committed 10304K, reserved 1048576K
}
Event: 4214.600 GC heap before
{Heap before GC invocations=1846 (full 5):
 PSYoungGen      total 12288K, used 11936K [0x00000000d5580000, 0x00000000d6380000, 0x0000000100000000)
  eden space 11776K, 100% used [0x00000000d5580000,0x00000000d6100000,0x00000000d6100000)
  from space 512K, 31% used [0x00000000d6300000,0x00000000d6328020,0x00000000d6380000)
  to   space 512K, 0% used [0x00000000d6280000,0x00000000d6280000,0x00000000d6300000)
 ParOldGen       total 759808K, used 517042K [0x0000000080000000, 0x00000000ae600000, 0x00000000d5580000)
  object space 759808K, 68% used [0x0000000080000000,0x000000009f8ec878,0x00000000ae600000)
 Metaspace       used 93764K, committed 95424K, reserved 1179648K
  class space    used 9546K, committed 10304K, reserved 1048576K
}
Event: 4214.604 GC heap after
{Heap after GC invocations=1846 (full 5):
 PSYoungGen      total 12288K, used 288K [0x00000000d5580000, 0x00000000d6380000, 0x0000000100000000)
  eden space 11776K, 0% used [0x00000000d5580000,0x00000000d5580000,0x00000000d6100000)
  from space 512K, 56% used [0x00000000d6280000,0x00000000d62c8040,0x00000000d6300000)
  to   space 512K, 0% used [0x00000000d6300000,0x00000000d6300000,0x00000000d6380000)
 ParOldGen       total 759808K, used 517066K [0x0000000080000000, 0x00000000ae600000, 0x00000000d5580000)
  object space 759808K, 68% used [0x0000000080000000,0x000000009f8f2878,0x00000000ae600000)
 Metaspace       used 93764K, committed 95424K, reserved 1179648K
  class space    used 9546K, committed 10304K, reserved 1048576K
}
Event: 4215.448 GC heap before
{Heap before GC invocations=1847 (full 5):
 PSYoungGen      total 12288K, used 12064K [0x00000000d5580000, 0x00000000d6380000, 0x0000000100000000)
  eden space 11776K, 100% used [0x00000000d5580000,0x00000000d6100000,0x00000000d6100000)
  from space 512K, 56% used [0x00000000d6280000,0x00000000d62c8040,0x00000000d6300000)
  to   space 512K, 0% used [0x00000000d6300000,0x00000000d6300000,0x00000000d6380000)
 ParOldGen       total 759808K, used 517066K [0x0000000080000000, 0x00000000ae600000, 0x00000000d5580000)
  object space 759808K, 68% used [0x0000000080000000,0x000000009f8f2878,0x00000000ae600000)
 Metaspace       used 93765K, committed 95424K, reserved 1179648K
  class space    used 9546K, committed 10304K, reserved 1048576K
}
Event: 4215.458 GC heap after
{Heap after GC invocations=1847 (full 5):
 PSYoungGen      total 12288K, used 128K [0x00000000d5580000, 0x00000000d6380000, 0x0000000100000000)
  eden space 11776K, 0% used [0x00000000d5580000,0x00000000d5580000,0x00000000d6100000)
  from space 512K, 25% used [0x00000000d6300000,0x00000000d6320020,0x00000000d6380000)
  to   space 512K, 0% used [0x00000000d6280000,0x00000000d6280000,0x00000000d6300000)
 ParOldGen       total 759808K, used 517082K [0x0000000080000000, 0x00000000ae600000, 0x00000000d5580000)
  object space 759808K, 68% used [0x0000000080000000,0x000000009f8f6878,0x00000000ae600000)
 Metaspace       used 93765K, committed 95424K, reserved 1179648K
  class space    used 9546K, committed 10304K, reserved 1048576K
}

Dll operation events (14 events):
Event: 0.015 Loaded shared library c:\Users\dazav\.vscode\extensions\redhat.java-1.54.0-win32-x64\jre\21.0.10-win32-x86_64\bin\java.dll
Event: 2.165 Loaded shared library c:\Users\dazav\.vscode\extensions\redhat.java-1.54.0-win32-x64\jre\21.0.10-win32-x86_64\bin\zip.dll
Event: 2.385 Loaded shared library C:\Users\dazav\.vscode\extensions\redhat.java-1.54.0-win32-x64\jre\21.0.10-win32-x86_64\bin\instrument.dll
Event: 2.445 Loaded shared library C:\Users\dazav\.vscode\extensions\redhat.java-1.54.0-win32-x64\jre\21.0.10-win32-x86_64\bin\net.dll
Event: 2.456 Loaded shared library C:\Users\dazav\.vscode\extensions\redhat.java-1.54.0-win32-x64\jre\21.0.10-win32-x86_64\bin\nio.dll
Event: 2.462 Loaded shared library C:\Users\dazav\.vscode\extensions\redhat.java-1.54.0-win32-x64\jre\21.0.10-win32-x86_64\bin\zip.dll
Event: 2.699 Loaded shared library C:\Users\dazav\.vscode\extensions\redhat.java-1.54.0-win32-x64\jre\21.0.10-win32-x86_64\bin\jimage.dll
Event: 3.960 Loaded shared library c:\Users\dazav\.vscode\extensions\redhat.java-1.54.0-win32-x64\jre\21.0.10-win32-x86_64\bin\verify.dll
Event: 13.944 Loaded shared library C:\Users\dazav\AppData\Roaming\Code\User\globalStorage\redhat.java\1.54.0\config_win\org.eclipse.equinox.launcher\org.eclipse.equinox.launcher.win32.win32.x86_64_1.3.0.v20260203-2149\eclipse_11919.dll
Event: 30.915 Loaded shared library C:\Users\dazav\.vscode\extensions\redhat.java-1.54.0-win32-x64\jre\21.0.10-win32-x86_64\bin\management.dll
Event: 30.922 Loaded shared library C:\Users\dazav\.vscode\extensions\redhat.java-1.54.0-win32-x64\jre\21.0.10-win32-x86_64\bin\management_ext.dll
Event: 37.487 Loaded shared library C:\Users\dazav\AppData\Local\Temp\jna-95362194\jna4109108955579605888.dll
Event: 39.356 Loaded shared library C:\Users\dazav\.vscode\extensions\redhat.java-1.54.0-win32-x64\jre\21.0.10-win32-x86_64\bin\sunmscapi.dll
Event: 40.001 Loaded shared library C:\Users\dazav\.vscode\extensions\redhat.java-1.54.0-win32-x64\jre\21.0.10-win32-x86_64\bin\extnet.dll

Deoptimization events (20 events):
Event: 4608.393 Thread 0x000002499f779630 Uncommon trap: trap_request=0xffffffd6 fr.pc=0x000002494f1b81d0 relative=0x0000000000000390
Event: 4608.393 Thread 0x000002499f779630 Uncommon trap: reason=array_check action=maybe_recompile pc=0x000002494f1b81d0 method=java.util.concurrent.ScheduledThreadPoolExecutor$DelayedWorkQueue.offer(Ljava/lang/Runnable;)Z @ 65 c2
Event: 4608.393 Thread 0x000002499f779630 DEOPT PACKING pc=0x000002494f1b81d0 sp=0x000000ee315ff370
Event: 4608.394 Thread 0x000002499f779630 DEOPT UNPACKING pc=0x000002494d673aa2 sp=0x000000ee315ff2f0 mode 2
Event: 4609.397 Thread 0x000002499f779630 Uncommon trap: trap_request=0xffffffd6 fr.pc=0x000002494f1b9054 relative=0x0000000000000394
Event: 4609.398 Thread 0x000002499f779630 Uncommon trap: reason=array_check action=maybe_recompile pc=0x000002494f1b9054 method=java.util.concurrent.ScheduledThreadPoolExecutor$DelayedWorkQueue.offer(Ljava/lang/Runnable;)Z @ 65 c2
Event: 4609.398 Thread 0x000002499f779630 DEOPT PACKING pc=0x000002494f1b9054 sp=0x000000ee315ff3c0
Event: 4609.398 Thread 0x000002499f779630 DEOPT UNPACKING pc=0x000002494d673aa2 sp=0x000000ee315ff270 mode 2
Event: 4610.395 Thread 0x000002499f779630 Uncommon trap: trap_request=0xffffffd6 fr.pc=0x000002494f1b9054 relative=0x0000000000000394
Event: 4610.396 Thread 0x000002499f779630 Uncommon trap: reason=array_check action=maybe_recompile pc=0x000002494f1b9054 method=java.util.concurrent.ScheduledThreadPoolExecutor$DelayedWorkQueue.offer(Ljava/lang/Runnable;)Z @ 65 c2
Event: 4610.396 Thread 0x000002499f779630 DEOPT PACKING pc=0x000002494f1b9054 sp=0x000000ee315ff3c0
Event: 4610.396 Thread 0x000002499f779630 DEOPT UNPACKING pc=0x000002494d673aa2 sp=0x000000ee315ff270 mode 2
Event: 4611.180 Thread 0x000002499f777560 Uncommon trap: trap_request=0xffffffd6 fr.pc=0x000002494f1b9054 relative=0x0000000000000394
Event: 4611.180 Thread 0x000002499f777560 Uncommon trap: reason=array_check action=maybe_recompile pc=0x000002494f1b9054 method=java.util.concurrent.ScheduledThreadPoolExecutor$DelayedWorkQueue.offer(Ljava/lang/Runnable;)Z @ 65 c2
Event: 4611.180 Thread 0x000002499f777560 DEOPT PACKING pc=0x000002494f1b9054 sp=0x000000ee316feff0
Event: 4611.180 Thread 0x000002499f777560 DEOPT UNPACKING pc=0x000002494d673aa2 sp=0x000000ee316feea0 mode 2
Event: 4611.382 Thread 0x000002499f779630 Uncommon trap: trap_request=0xffffffd6 fr.pc=0x000002494f1b81d0 relative=0x0000000000000390
Event: 4611.382 Thread 0x000002499f779630 Uncommon trap: reason=array_check action=maybe_recompile pc=0x000002494f1b81d0 method=java.util.concurrent.ScheduledThreadPoolExecutor$DelayedWorkQueue.offer(Ljava/lang/Runnable;)Z @ 65 c2
Event: 4611.382 Thread 0x000002499f779630 DEOPT PACKING pc=0x000002494f1b81d0 sp=0x000000ee315ff2e0
Event: 4611.385 Thread 0x000002499f779630 DEOPT UNPACKING pc=0x000002494d673aa2 sp=0x000000ee315ff270 mode 2

Classes loaded (20 events):
Event: 287.208 Loading class java/lang/Throwable$WrappedPrintWriter
Event: 287.210 Loading class java/lang/Throwable$PrintStreamOrWriter
Event: 287.210 Loading class java/lang/Throwable$PrintStreamOrWriter done
Event: 287.210 Loading class java/lang/Throwable$WrappedPrintWriter done
Event: 311.732 Loading class java/util/function/IntPredicate
Event: 311.732 Loading class java/util/function/IntPredicate done
Event: 311.753 Loading class java/util/regex/Pattern$Bound
Event: 311.754 Loading class java/util/regex/Pattern$Bound done
Event: 1326.837 Loading class java/util/stream/ReferencePipeline$15
Event: 1326.855 Loading class java/util/stream/ReferencePipeline$15 done
Event: 1326.908 Loading class java/util/stream/ReferencePipeline$15$1
Event: 1326.936 Loading class java/util/stream/ReferencePipeline$15$1 done
Event: 1328.787 Loading class java/lang/MatchException
Event: 1328.787 Loading class java/lang/MatchException done
Event: 1328.954 Loading class java/util/HashMap$EntrySpliterator
Event: 1328.955 Loading class java/util/HashMap$EntrySpliterator done
Event: 1690.088 Loading class java/lang/StringLatin1$CharsSpliterator
Event: 1690.103 Loading class java/lang/StringLatin1$CharsSpliterator done
Event: 3373.617 Loading class java/nio/channels/CompletionHandler
Event: 3373.623 Loading class java/nio/channels/CompletionHandler done

Classes unloaded (20 events):
Event: 3439.780 Thread 0x0000024942fad970 Unloading class 0x000002495b017400 'java/lang/invoke/LambdaForm$MH+0x000002495b017400'
Event: 3439.781 Thread 0x0000024942fad970 Unloading class 0x000002495b016400 'java/lang/invoke/LambdaForm$MH+0x000002495b016400'
Event: 3439.781 Thread 0x0000024942fad970 Unloading class 0x000002495b00d800 'java/lang/invoke/LambdaForm$MH+0x000002495b00d800'
Event: 3439.781 Thread 0x0000024942fad970 Unloading class 0x000002495b00d400 'java/lang/invoke/LambdaForm$MH+0x000002495b00d400'
Event: 3439.781 Thread 0x0000024942fad970 Unloading class 0x000002495b00d000 'java/lang/invoke/LambdaForm$MH+0x000002495b00d000'
Event: 3439.781 Thread 0x0000024942fad970 Unloading class 0x000002495b00cc00 'java/lang/invoke/LambdaForm$MH+0x000002495b00cc00'
Event: 3439.781 Thread 0x0000024942fad970 Unloading class 0x000002495b00c800 'java/lang/invoke/LambdaForm$BMH+0x000002495b00c800'
Event: 3439.781 Thread 0x0000024942fad970 Unloading class 0x000002495b00c000 'java/lang/invoke/LambdaForm$DMH+0x000002495b00c000'
Event: 3439.781 Thread 0x0000024942fad970 Unloading class 0x000002495b008c00 'java/lang/invoke/LambdaForm$MH+0x000002495b008c00'
Event: 3439.781 Thread 0x0000024942fad970 Unloading class 0x000002495b008800 'java/lang/invoke/LambdaForm$MH+0x000002495b008800'
Event: 3439.781 Thread 0x0000024942fad970 Unloading class 0x000002495b008400 'java/lang/invoke/LambdaForm$MH+0x000002495b008400'
Event: 3439.781 Thread 0x0000024942fad970 Unloading class 0x000002495b007000 'java/lang/invoke/LambdaForm$MH+0x000002495b007000'
Event: 3439.782 Thread 0x0000024942fad970 Unloading class 0x000002495b006800 'java/lang/invoke/LambdaForm$MH+0x000002495b006800'
Event: 3439.782 Thread 0x0000024942fad970 Unloading class 0x000002495b006400 'java/lang/invoke/LambdaForm$MH+0x000002495b006400'
Event: 3439.782 Thread 0x0000024942fad970 Unloading class 0x000002495b006000 'java/lang/invoke/LambdaForm$MH+0x000002495b006000'
Event: 3439.782 Thread 0x0000024942fad970 Unloading class 0x000002495b005c00 'java/lang/invoke/LambdaForm$BMH+0x000002495b005c00'
Event: 3439.782 Thread 0x0000024942fad970 Unloading class 0x000002495b004800 'java/lang/invoke/LambdaForm$DMH+0x000002495b004800'
Event: 3439.782 Thread 0x0000024942fad970 Unloading class 0x000002495b002400 'java/lang/invoke/LambdaForm$MH+0x000002495b002400'
Event: 3439.782 Thread 0x0000024942fad970 Unloading class 0x000002495b002000 'java/lang/invoke/LambdaForm$MH+0x000002495b002000'
Event: 3439.782 Thread 0x0000024942fad970 Unloading class 0x000002495b001800 'java/lang/invoke/LambdaForm$MH+0x000002495b001800'

Classes redefined (0 events):
No events

Internal exceptions (20 events):
Event: 4098.015 Thread 0x000002499f7f26c0 Exception <a 'sun/nio/fs/WindowsException'{0x00000000d567dee8}> (0x00000000d567dee8) 
thrown [s\src\hotspot\share\prims\jni.cpp, line 520]
Event: 4098.574 Thread 0x000002499f7f26c0 Exception <a 'sun/nio/fs/WindowsException'{0x00000000d55d5f30}> (0x00000000d55d5f30) 
thrown [s\src\hotspot\share\prims\jni.cpp, line 520]
Event: 4108.880 Thread 0x000002499f778fa0 Implicit null exception at 0x000002494e12dcb9 to 0x000002494e12df24
Event: 4109.061 Thread 0x000002499f778fa0 Exception <a 'sun/nio/fs/WindowsException'{0x00000000d60353d8}> (0x00000000d60353d8) 
thrown [s\src\hotspot\share\prims\jni.cpp, line 520]
Event: 4109.062 Thread 0x000002499f778fa0 Exception <a 'sun/nio/fs/WindowsException'{0x00000000d6035b00}> (0x00000000d6035b00) 
thrown [s\src\hotspot\share\prims\jni.cpp, line 520]
Event: 4131.013 Thread 0x000002499f7f26c0 Exception <a 'sun/nio/fs/WindowsException'{0x00000000d5580758}> (0x00000000d5580758) 
thrown [s\src\hotspot\share\prims\jni.cpp, line 520]
Event: 4131.240 Thread 0x000002499f7f26c0 Exception <a 'sun/nio/fs/WindowsException'{0x00000000d5e335f0}> (0x00000000d5e335f0) 
thrown [s\src\hotspot\share\prims\jni.cpp, line 520]
Event: 4131.388 Thread 0x00000249a1b55670 Implicit null exception at 0x000002494f12b409 to 0x000002494f1332fc
Event: 4150.666 Thread 0x00000249a1b51b60 Exception <a 'sun/nio/fs/WindowsException'{0x00000000d571bc20}> (0x00000000d571bc20) 
thrown [s\src\hotspot\share\prims\jni.cpp, line 520]
Event: 4150.667 Thread 0x00000249a1b51b60 Exception <a 'sun/nio/fs/WindowsException'{0x00000000d571c368}> (0x00000000d571c368) 
thrown [s\src\hotspot\share\prims\jni.cpp, line 520]
Event: 4150.668 Thread 0x00000249a1b51b60 Exception <a 'sun/nio/fs/WindowsException'{0x00000000d571d298}> (0x00000000d571d298) 
thrown [s\src\hotspot\share\prims\jni.cpp, line 520]
Event: 4150.669 Thread 0x00000249a1b51b60 Exception <a 'sun/nio/fs/WindowsException'{0x00000000d571dd08}> (0x00000000d571dd08) 
thrown [s\src\hotspot\share\prims\jni.cpp, line 520]
Event: 4150.673 Thread 0x00000249a1b51b60 Exception <a 'sun/nio/fs/WindowsException'{0x00000000d5721278}> (0x00000000d5721278) 
thrown [s\src\hotspot\share\prims\jni.cpp, line 520]
Event: 4150.673 Thread 0x00000249a1b51b60 Exception <a 'sun/nio/fs/WindowsException'{0x00000000d57219a0}> (0x00000000d57219a0) 
thrown [s\src\hotspot\share\prims\jni.cpp, line 520]
Event: 4150.674 Thread 0x00000249a1b51b60 Exception <a 'sun/nio/fs/WindowsException'{0x00000000d57228a8}> (0x00000000d57228a8) 
thrown [s\src\hotspot\share\prims\jni.cpp, line 520]
Event: 4150.674 Thread 0x00000249a1b51b60 Exception <a 'sun/nio/fs/WindowsException'{0x00000000d5722fd0}> (0x00000000d5722fd0) 
thrown [s\src\hotspot\share\prims\jni.cpp, line 520]
Event: 4150.746 Thread 0x00000249a1b51b60 Exception <a 'sun/nio/fs/WindowsException'{0x00000000d57d2f38}> (0x00000000d57d2f38) 
thrown [s\src\hotspot\share\prims\jni.cpp, line 520]
Event: 4150.747 Thread 0x00000249a1b51b60 Exception <a 'sun/nio/fs/WindowsException'{0x00000000d57d35a8}> (0x00000000d57d35a8) 
thrown [s\src\hotspot\share\prims\jni.cpp, line 520]
Event: 4150.776 Thread 0x00000249a1b55d00 Exception <a 'sun/nio/fs/WindowsException'{0x00000000d57ef8a0}> (0x00000000d57ef8a0) 
thrown [s\src\hotspot\share\prims\jni.cpp, line 520]
Event: 4150.777 Thread 0x00000249a1b55d00 Exception <a 'sun/nio/fs/WindowsException'{0x00000000d57eff08}> (0x00000000d57eff08) 
thrown [s\src\hotspot\share\prims\jni.cpp, line 520]

ZGC Phase Switch (0 events):
No events

VM Operations (20 events):
Event: 4870.929 Executing non-safepoint VM operation: HandshakeAllThreads (HandshakeForDeflation)
Event: 4870.933 Executing non-safepoint VM operation: HandshakeAllThreads (HandshakeForDeflation) done
Event: 4870.933 Executing non-safepoint VM operation: RendezvousGCThreads
Event: 4870.933 Executing non-safepoint VM operation: RendezvousGCThreads done
Event: 4931.105 Executing non-safepoint VM operation: HandshakeAllThreads (HandshakeForDeflation)
Event: 4931.107 Executing non-safepoint VM operation: HandshakeAllThreads (HandshakeForDeflation) done
Event: 4931.107 Executing non-safepoint VM operation: RendezvousGCThreads
Event: 4931.107 Executing non-safepoint VM operation: RendezvousGCThreads done
Event: 4991.356 Executing non-safepoint VM operation: HandshakeAllThreads (HandshakeForDeflation)
Event: 4991.356 Executing non-safepoint VM operation: HandshakeAllThreads (HandshakeForDeflation) done
Event: 4991.356 Executing non-safepoint VM operation: RendezvousGCThreads
Event: 4991.356 Executing non-safepoint VM operation: RendezvousGCThreads done
Event: 5111.851 Executing non-safepoint VM operation: HandshakeAllThreads (HandshakeForDeflation)
Event: 5111.851 Executing non-safepoint VM operation: HandshakeAllThreads (HandshakeForDeflation) done
Event: 5111.851 Executing non-safepoint VM operation: RendezvousGCThreads
Event: 5111.851 Executing non-safepoint VM operation: RendezvousGCThreads done
Event: 5352.306 Executing non-safepoint VM operation: HandshakeAllThreads (HandshakeForDeflation)
Event: 5352.313 Executing non-safepoint VM operation: HandshakeAllThreads (HandshakeForDeflation) done
Event: 5352.314 Executing non-safepoint VM operation: RendezvousGCThreads
Event: 5352.314 Executing non-safepoint VM operation: RendezvousGCThreads done

Memory protections (0 events):
No events

Nmethod flushes (20 events):
Event: 3441.331 Thread 0x0000024942fad970 flushing  nmethod 0x00000249480a4810
Event: 3441.331 Thread 0x0000024942fad970 flushing  nmethod 0x00000249480ca290
Event: 3441.331 Thread 0x0000024942fad970 flushing  nmethod 0x00000249480dc810
Event: 3441.331 Thread 0x0000024942fad970 flushing osr nmethod 0x000002494811c490
Event: 3441.331 Thread 0x0000024942fad970 flushing  nmethod 0x0000024948121890
Event: 3441.331 Thread 0x0000024942fad970 flushing  nmethod 0x0000024948126f10
Event: 3441.331 Thread 0x0000024942fad970 flushing  nmethod 0x0000024948127c90
Event: 3441.331 Thread 0x0000024942fad970 flushing  nmethod 0x0000024948140210
Event: 3441.331 Thread 0x0000024942fad970 flushing osr nmethod 0x00000249481c3790
Event: 3441.331 Thread 0x0000024942fad970 flushing  nmethod 0x00000249481c5910
Event: 3441.331 Thread 0x0000024942fad970 flushing osr nmethod 0x00000249481d3890
Event: 3441.332 Thread 0x0000024942fad970 flushing  nmethod 0x00000249481d9310
Event: 3441.332 Thread 0x0000024942fad970 flushing osr nmethod 0x0000024948208590
Event: 3441.332 Thread 0x0000024942fad970 flushing  nmethod 0x000002494820c190
Event: 3441.332 Thread 0x0000024942fad970 flushing  nmethod 0x0000024948230810
Event: 3441.332 Thread 0x0000024942fad970 flushing  nmethod 0x00000249482e4590
Event: 3441.332 Thread 0x0000024942fad970 flushing  nmethod 0x00000249482efc10
Event: 3441.332 Thread 0x0000024942fad970 flushing osr nmethod 0x00000249482f0810
Event: 3441.332 Thread 0x0000024942fad970 flushing  nmethod 0x00000249482fc490
Event: 3441.332 Thread 0x0000024942fad970 flushing  nmethod 0x0000024948330a90

Events (20 events):
Event: 4214.178 Thread 0x00000249a0ed7d50 Thread added: 0x00000249a1b52f10
Event: 4214.216 Thread 0x00000249a1b52f10 Thread exited: 0x00000249a1b52f10
Event: 4214.340 Thread 0x00000249a0ed7d50 Thread added: 0x00000249a1b53c30
Event: 4214.401 Thread 0x00000249a1b53c30 Thread exited: 0x00000249a1b53c30
Event: 4214.539 Thread 0x00000249a0ed7d50 Thread added: 0x00000249a1b52f10
Event: 4214.617 Thread 0x00000249a1b52f10 Thread exited: 0x00000249a1b52f10
Event: 4214.649 Thread 0x00000249a0ed7d50 Thread added: 0x00000249a1b52f10
Event: 4214.739 Thread 0x00000249a1b52f10 Thread exited: 0x00000249a1b52f10
Event: 4215.219 Thread 0x00000249a0ed7d50 Thread added: 0x00000249a1b52f10
Event: 4215.306 Thread 0x00000249a1b52f10 Thread exited: 0x00000249a1b52f10
Event: 4215.397 Thread 0x00000249a0ed7d50 Thread added: 0x00000249a1b52880
Event: 4215.467 Thread 0x00000249a1b52880 Thread exited: 0x00000249a1b52880
Event: 4326.525 Thread 0x00000249a0ed7d50 Thread added: 0x00000249a1b52880
Event: 4326.609 Thread 0x00000249a1b52880 Thread exited: 0x00000249a1b52880
Event: 4362.365 Thread 0x00000249a1b514d0 Thread added: 0x00000249a1b52880
Event: 4362.378 Thread 0x00000249a1b52880 Thread exited: 0x00000249a1b52880
Event: 4362.507 Thread 0x00000249a1b514d0 Thread added: 0x00000249a1b52880
Event: 4362.508 Thread 0x00000249a1b52880 Thread exited: 0x00000249a1b52880
Event: 4515.365 Thread 0x00000249a0ed7d50 Thread added: 0x00000249a1b53c30
Event: 4516.084 Thread 0x00000249a1b53c30 Thread exited: 0x00000249a1b53c30


Dynamic libraries:
0x00007ff747730000 - 0x00007ff74773e000 	c:\Users\dazav\.vscode\extensions\redhat.java-1.54.0-win32-x64\jre\21.0.10-win32-x86_64\bin\java.exe
0x00007ffa53000000 - 0x00007ffa53266000 	C:\WINDOWS\SYSTEM32\ntdll.dll
0x00007ffa51820000 - 0x00007ffa518e9000 	C:\WINDOWS\System32\KERNEL32.DLL
0x00007ffa50970000 - 0x00007ffa50d6a000 	C:\WINDOWS\System32\KERNELBASE.dll
0x00007ffa505f0000 - 0x00007ffa5073c000 	C:\WINDOWS\System32\ucrtbase.dll
0x00007ffa18c90000 - 0x00007ffa18ca8000 	c:\Users\dazav\.vscode\extensions\redhat.java-1.54.0-win32-x64\jre\21.0.10-win32-x86_64\bin\jli.dll
0x00007ffa526f0000 - 0x00007ffa528b7000 	C:\WINDOWS\System32\USER32.dll
0x00007ffa50290000 - 0x00007ffa502b7000 	C:\WINDOWS\System32\win32u.dll
0x00007ffa528c0000 - 0x00007ffa528eb000 	C:\WINDOWS\System32\GDI32.dll
0x00007ffa50370000 - 0x00007ffa5049b000 	C:\WINDOWS\System32\gdi32full.dll
0x00007ffa502c0000 - 0x00007ffa50363000 	C:\WINDOWS\System32\msvcp_win.dll
0x00007ffa18c70000 - 0x00007ffa18c8e000 	c:\Users\dazav\.vscode\extensions\redhat.java-1.54.0-win32-x64\jre\21.0.10-win32-x86_64\bin\VCRUNTIME140.dll
0x00007ffa3b780000 - 0x00007ffa3ba12000 	C:\WINDOWS\WinSxS\amd64_microsoft.windows.common-controls_6595b64144ccf1df_6.0.26100.8521_none_3e08b75ce33403b3\COMCTL32.dll
0x00007ffa51b10000 - 0x00007ffa51bb9000 	C:\WINDOWS\System32\msvcrt.dll
0x00007ffa51cc0000 - 0x00007ffa51cf2000 	C:\WINDOWS\System32\IMM32.DLL
0x00007ffa3baf0000 - 0x00007ffa3bafc000 	c:\Users\dazav\.vscode\extensions\redhat.java-1.54.0-win32-x64\jre\21.0.10-win32-x86_64\bin\vcruntime140_1.dll
0x00007ffa18be0000 - 0x00007ffa18c6d000 	c:\Users\dazav\.vscode\extensions\redhat.java-1.54.0-win32-x64\jre\21.0.10-win32-x86_64\bin\msvcp140.dll
0x00007ff9df600000 - 0x00007ff9e03a1000 	c:\Users\dazav\.vscode\extensions\redhat.java-1.54.0-win32-x64\jre\21.0.10-win32-x86_64\bin\server\jvm.dll
0x00007ffa51210000 - 0x00007ffa512c6000 	C:\WINDOWS\System32\ADVAPI32.dll
0x00007ffa51740000 - 0x00007ffa517ea000 	C:\WINDOWS\System32\sechost.dll
0x00007ffa50f10000 - 0x00007ffa51028000 	C:\WINDOWS\System32\RPCRT4.dll
0x00007ffa51d00000 - 0x00007ffa51d80000 	C:\WINDOWS\System32\WS2_32.dll
0x00007ffa500f0000 - 0x00007ffa5014e000 	C:\WINDOWS\SYSTEM32\POWRPROF.dll
0x00007ffa497f0000 - 0x00007ffa49826000 	C:\WINDOWS\SYSTEM32\WINMM.dll
0x00007ffa49830000 - 0x00007ffa4983b000 	C:\WINDOWS\SYSTEM32\VERSION.dll
0x00007ffa500d0000 - 0x00007ffa500e4000 	C:\WINDOWS\SYSTEM32\UMPDC.dll
0x00007ffa4f020000 - 0x00007ffa4f03b000 	C:\WINDOWS\SYSTEM32\kernel.appcore.dll
0x00007ffa385d0000 - 0x00007ffa385da000 	c:\Users\dazav\.vscode\extensions\redhat.java-1.54.0-win32-x64\jre\21.0.10-win32-x86_64\bin\jimage.dll
0x00007ffa428d0000 - 0x00007ffa42b12000 	C:\WINDOWS\SYSTEM32\DBGHELP.DLL
0x00007ffa513b0000 - 0x00007ffa51733000 	C:\WINDOWS\System32\combase.dll
0x00007ffa528f0000 - 0x00007ffa529c9000 	C:\WINDOWS\System32\OLEAUT32.dll
0x00007ffa3aa80000 - 0x00007ffa3aabb000 	C:\WINDOWS\SYSTEM32\dbgcore.DLL
0x00007ffa508c0000 - 0x00007ffa50968000 	C:\WINDOWS\System32\bcryptPrimitives.dll
0x00007ffa35f30000 - 0x00007ffa35f3f000 	c:\Users\dazav\.vscode\extensions\redhat.java-1.54.0-win32-x64\jre\21.0.10-win32-x86_64\bin\instrument.dll
0x00007ffa18bc0000 - 0x00007ffa18be0000 	c:\Users\dazav\.vscode\extensions\redhat.java-1.54.0-win32-x64\jre\21.0.10-win32-x86_64\bin\java.dll
0x00007ffa51e00000 - 0x00007ffa52584000 	C:\WINDOWS\System32\SHELL32.dll
0x00007ffa4de90000 - 0x00007ffa4e710000 	C:\WINDOWS\SYSTEM32\windows.storage.dll
0x00007ffa51950000 - 0x00007ffa51a46000 	C:\WINDOWS\System32\SHCORE.dll
0x00007ffa51d90000 - 0x00007ffa51df7000 	C:\WINDOWS\System32\shlwapi.dll
0x00007ffa501b0000 - 0x00007ffa501d9000 	C:\WINDOWS\SYSTEM32\profapi.dll
0x00007ffa18ba0000 - 0x00007ffa18bb8000 	c:\Users\dazav\.vscode\extensions\redhat.java-1.54.0-win32-x64\jre\21.0.10-win32-x86_64\bin\zip.dll
0x00007ffa2f7f0000 - 0x00007ffa2f800000 	C:\Users\dazav\.vscode\extensions\redhat.java-1.54.0-win32-x64\jre\21.0.10-win32-x86_64\bin\net.dll
0x00007ffa44740000 - 0x00007ffa44869000 	C:\WINDOWS\SYSTEM32\WINHTTP.dll
0x00007ffa4f590000 - 0x00007ffa4f5fc000 	C:\WINDOWS\system32\mswsock.dll
0x00007ffa18b80000 - 0x00007ffa18b96000 	C:\Users\dazav\.vscode\extensions\redhat.java-1.54.0-win32-x64\jre\21.0.10-win32-x86_64\bin\nio.dll
0x00007ffa38d00000 - 0x00007ffa38d10000 	c:\Users\dazav\.vscode\extensions\redhat.java-1.54.0-win32-x64\jre\21.0.10-win32-x86_64\bin\verify.dll
0x00007ff9fb7a0000 - 0x00007ff9fb7e5000 	C:\Users\dazav\AppData\Roaming\Code\User\globalStorage\redhat.java\1.54.0\config_win\org.eclipse.equinox.launcher\org.eclipse.equinox.launcher.win32.win32.x86_64_1.3.0.v20260203-2149\eclipse_11919.dll
0x00007ffa50d70000 - 0x00007ffa50f08000 	C:\WINDOWS\System32\ole32.dll
0x00007ffa45aa0000 - 0x00007ffa45aaa000 	C:\Users\dazav\.vscode\extensions\redhat.java-1.54.0-win32-x64\jre\21.0.10-win32-x86_64\bin\management.dll
0x00007ffa3ba20000 - 0x00007ffa3ba2c000 	C:\Users\dazav\.vscode\extensions\redhat.java-1.54.0-win32-x64\jre\21.0.10-win32-x86_64\bin\management_ext.dll
0x00007ffa51390000 - 0x00007ffa51398000 	C:\WINDOWS\System32\PSAPI.DLL
0x00007ffa4f880000 - 0x00007ffa4f89b000 	C:\WINDOWS\SYSTEM32\CRYPTSP.dll
0x00007ffa4ef80000 - 0x00007ffa4efb9000 	C:\WINDOWS\system32\rsaenh.dll
0x00007ffa4f640000 - 0x00007ffa4f673000 	C:\WINDOWS\SYSTEM32\USERENV.dll
0x00007ffa50180000 - 0x00007ffa501aa000 	C:\WINDOWS\SYSTEM32\bcrypt.dll
0x00007ffa4f870000 - 0x00007ffa4f87c000 	C:\WINDOWS\SYSTEM32\CRYPTBASE.dll
0x00007ffa4ea70000 - 0x00007ffa4eaa3000 	C:\WINDOWS\SYSTEM32\IPHLPAPI.DLL
0x00007ffa513a0000 - 0x00007ffa513aa000 	C:\WINDOWS\System32\NSI.dll
0x00007ff9fc1e0000 - 0x00007ff9fc229000 	C:\Users\dazav\AppData\Local\Temp\jna-95362194\jna4109108955579605888.dll
0x00007ffa46d40000 - 0x00007ffa46d5d000 	C:\WINDOWS\SYSTEM32\dhcpcsvc6.DLL
0x00007ffa44710000 - 0x00007ffa44735000 	C:\WINDOWS\SYSTEM32\dhcpcsvc.DLL
0x00007ffa38cf0000 - 0x00007ffa38cfe000 	C:\Users\dazav\.vscode\extensions\redhat.java-1.54.0-win32-x64\jre\21.0.10-win32-x86_64\bin\sunmscapi.dll
0x00007ffa50740000 - 0x00007ffa508b8000 	C:\WINDOWS\System32\CRYPT32.dll
0x00007ffa4fa90000 - 0x00007ffa4fac0000 	C:\WINDOWS\SYSTEM32\ncrypt.dll
0x00007ffa4fa40000 - 0x00007ffa4fa7f000 	C:\WINDOWS\SYSTEM32\NTASN1.dll
0x00007ffa4eab0000 - 0x00007ffa4ebfa000 	C:\WINDOWS\SYSTEM32\DNSAPI.dll
0x00007ffa4f390000 - 0x00007ffa4f39d000 	C:\WINDOWS\SYSTEM32\DSPARSE.dll
0x00007ffa46d30000 - 0x00007ffa46d3b000 	C:\Windows\System32\rasadhlp.dll
0x00007ffa437d0000 - 0x00007ffa43856000 	C:\WINDOWS\System32\fwpuclnt.dll
0x00007ffa38ce0000 - 0x00007ffa38ce9000 	C:\Users\dazav\.vscode\extensions\redhat.java-1.54.0-win32-x64\jre\21.0.10-win32-x86_64\bin\extnet.dll

JVMTI agents:
c:\Users\dazav\.vscode\extensions\redhat.java-1.54.0-win32-x64\lombok\lombok-1.18.39-4050.jar path:c:\Users\dazav\.vscode\extensions\redhat.java-1.54.0-win32-x64\jre\21.0.10-win32-x86_64\bin\instrument.dll, loaded, initialized, instrumentlib options:none

dbghelp: loaded successfully - version: 4.0.5 - missing functions: none
symbol engine: initialized successfully - sym options: 0x614 - pdb path: .;c:\Users\dazav\.vscode\extensions\redhat.java-1.54.0-win32-x64\jre\21.0.10-win32-x86_64\bin;C:\WINDOWS\SYSTEM32;C:\WINDOWS\WinSxS\amd64_microsoft.windows.common-controls_6595b64144ccf1df_6.0.26100.8521_none_3e08b75ce33403b3;c:\Users\dazav\.vscode\extensions\redhat.java-1.54.0-win32-x64\jre\21.0.10-win32-x86_64\bin\server;C:\Users\dazav\AppData\Roaming\Code\User\globalStorage\redhat.java\1.54.0\config_win\org.eclipse.equinox.launcher\org.eclipse.equinox.launcher.win32.win32.x86_64_1.3.0.v20260203-2149;C:\Users\dazav\AppData\Local\Temp\jna-95362194

VM Arguments:
jvm_args: --add-modules=ALL-SYSTEM --add-opens=java.base/java.util=ALL-UNNAMED --add-opens=java.base/java.lang=ALL-UNNAMED --add-opens=java.base/sun.nio.fs=ALL-UNNAMED -Declipse.application=org.eclipse.jdt.ls.core.id1 -Dosgi.bundles.defaultStartLevel=4 -Declipse.product=org.eclipse.jdt.ls.core.product -Djava.import.generatesMetadataFilesAtProjectRoot=false -DDetectVMInstallationsJob.disabled=true -Dfile.encoding=utf8 -XX:+UseParallelGC -XX:GCTimeRatio=4 -XX:AdaptiveSizePolicyWeight=90 -Dsun.zip.disableMemoryMapping=true -Xmx2G -Xms100m -Xlog:disable -javaagent:c:\Users\dazav\.vscode\extensions\redhat.java-1.54.0-win32-x64\lombok\lombok-1.18.39-4050.jar -XX:+HeapDumpOnOutOfMemoryError -XX:HeapDumpPath=c:\Users\dazav\AppData\Roaming\Code\User\workspaceStorage\b57b032afb11b214027f798fbaeb1f76\redhat.java -Daether.dependencyCollector.impl=bf 
java_command: c:\Users\dazav\.vscode\extensions\redhat.java-1.54.0-win32-x64\server\plugins\org.eclipse.equinox.launcher_1.7.100.v20251111-0406.jar -configuration c:\Users\dazav\AppData\Roaming\Code\User\globalStorage\redhat.java\1.54.0\config_win -data c:\Users\dazav\AppData\Roaming\Code\User\workspaceStorage\b57b032afb11b214027f798fbaeb1f76\redhat.java\jdt_ws --pipe=\\.\pipe\lsp-34e30a13af83e28a88ef8eb11546cb3c-sock
java_class_path (initial): c:\Users\dazav\.vscode\extensions\redhat.java-1.54.0-win32-x64\server\plugins\org.eclipse.equinox.launcher_1.7.100.v20251111-0406.jar
Launcher Type: SUN_STANDARD

[Global flags]
    uintx AdaptiveSizePolicyWeight                 = 90                                        {product} {command line}
     intx CICompilerCount                          = 2                                         {product} {ergonomic}
    uintx GCTimeRatio                              = 4                                         {product} {command line}
     bool HeapDumpOnOutOfMemoryError               = true                                   {manageable} {command line}
    ccstr HeapDumpPath                             = c:\Users\dazav\AppData\Roaming\Code\User\workspaceStorage\b57b032afb11b214027f798fbaeb1f76\redhat.java         {manageable} {command line}
   size_t InitialHeapSize                          = 104857600                                 {product} {command line}
   size_t MaxHeapSize                              = 2147483648                                {product} {command line}
   size_t MaxNewSize                               = 715653120                                 {product} {ergonomic}
   size_t MinHeapDeltaBytes                        = 524288                                    {product} {ergonomic}
   size_t MinHeapSize                              = 104857600                                 {product} {command line}
   size_t NewSize                                  = 34603008                                  {product} {ergonomic}
    uintx NonNMethodCodeHeapSize                   = 5826188                                {pd product} {ergonomic}
    uintx NonProfiledCodeHeapSize                  = 122916026                              {pd product} {ergonomic}
   size_t OldSize                                  = 70254592                                  {product} {ergonomic}
    uintx ProfiledCodeHeapSize                     = 122916026                              {pd product} {ergonomic}
    uintx ReservedCodeCacheSize                    = 251658240                              {pd product} {ergonomic}
     bool SegmentedCodeCache                       = true                                      {product} {ergonomic}
   size_t SoftMaxHeapSize                          = 2147483648                             {manageable} {ergonomic}
     bool UseCompressedOops                        = true                           {product lp64_product} {ergonomic}
     bool UseLargePagesIndividualAllocation        = false                                  {pd product} {ergonomic}
     bool UseParallelGC                            = true                                      {product} {command line}

Logging:
Log output configuration:
 #0: stdout all=off uptime,level,tags foldmultilines=false
 #1: stderr all=off uptime,level,tags foldmultilines=false

Release file:
JAVA_VERSION="21.0.10" 
MODULES="java.base java.compiler java.datatransfer java.xml java.prefs java.desktop java.instrument java.logging java.management java.security.sasl java.naming java.rmi java.management.rmi java.net.http java.scripting java.security.jgss java.transaction.xa java.sql java.sql.rowset java.xml.crypto java.se java.smartcardio jdk.accessibility jdk.internal.jvmstat jdk.attach jdk.charsets jdk.internal.opt jdk.zipfs jdk.compiler jdk.crypto.ec jdk.crypto.cryptoki jdk.crypto.mscapi jdk.dynalink jdk.internal.ed jdk.editpad jdk.hotspot.agent jdk.httpserver jdk.internal.le jdk.internal.vm.ci jdk.internal.vm.compiler jdk.internal.vm.compiler.management jdk.jartool jdk.javadoc jdk.jcmd jdk.management jdk.management.agent jdk.jconsole jdk.jdeps jdk.jdwp.agent jdk.jdi jdk.jfr jdk.jshell jdk.jsobject jdk.jstatd jdk.localedata jdk.management.jfr jdk.naming.dns jdk.naming.rmi jdk.net jdk.nio.mapmode jdk.random jdk.sctp jdk.security.auth jdk.security.jgss jdk.unsupported jdk.unsupported.desktop jdk.xml.dom" 

Environment Variables:
PATH=C:\Program Files\Eclipse Adoptium\jdk-17.0.19.10-hotspot\bin;C:\Program Files\Common Files\Oracle\Java\javapath;C:\Python314\Scripts\;C:\Python314\;C:\WINDOWS\system32;C:\WINDOWS;C:\WINDOWS\System32\Wbem;C:\WINDOWS\System32\WindowsPowerShell\v1.0\;C:\WINDOWS\System32\OpenSSH\;C:\Program Files\Git\cmd;C:\ProgramData\chocolatey\bin;C:\Program Files\nodejs\;C:\Program Files\PowerShell\7\;C:\Users\dazav\AppData\Local\Microsoft\WindowsApps;C:\Users\dazav\AppData\Local\Programs\Microsoft VS Code\bin;C:\Users\dazav\AppData\Local\GitHubDesktop\bin;C:\ProgramData\dazav\GitHubDesktop\bin;C:\Users\dazav\AppData\Roaming\npm;C:\Program Files\MongoDB\Server\8.2\bin;C:\Users\dazav\AppData\Local\Programs\Antigravity\bin
USERNAME=dazav
OS=Windows_NT
PROCESSOR_IDENTIFIER=AMD64 Family 23 Model 24 Stepping 1, AuthenticAMD
TMP=C:\Users\dazav\AppData\Local\Temp
TEMP=C:\Users\dazav\AppData\Local\Temp




Periodic native trim disabled

---------------  S Y S T E M  ---------------

OS:
 Windows 11 , 64 bit Build 26100 (10.0.26100.8521)
OS uptime: 1 days 23:36 hours

CPU: total 2 (initial active 2) (2 cores per cpu, 1 threads per core) family 23 model 24 stepping 1 microcode 0x8108109, cx8, cmov, fxsr, mmx, 3dnowpref, sse, sse2, sse3, ssse3, sse4a, sse4.1, sse4.2, popcnt, lzcnt, tsc, tscinvbit, avx, avx2, aes, clmul, bmi1, bmi2, adx, sha, fma, vzeroupper, clflush, clflushopt, rdtscp, f16c
Processor Information for the first 2 processors :
  Max Mhz: 2300, Current Mhz: 2300, Mhz Limit: 2300

Memory: 4k page, system-wide physical 3459M (129M free)
TotalPageFile size 14211M (AvailPageFile size 4M)
current process WorkingSet (physical memory assigned to process): 7M, peak: 684M
current process commit charge ("private bytes"): 1103M, peak: 1125M

vm_info: OpenJDK 64-Bit Server VM (21.0.10+7-LTS) for windows-amd64 JRE (21.0.10+7-LTS), built on 2026-01-20T00:00:00Z by "admin" with MS VC++ 17.12 (VS2022)

END.
